2017-05-07 18:19:15,135 - INFO  - FrameworkServlet 'springmvc': initialization started
2017-05-07 18:19:15,138 - INFO  - Refreshing WebApplicationContext for namespace 'springmvc-servlet': startup date [Sun May 07 18:19:15 CST 2017]; parent: Root WebApplicationContext
2017-05-07 18:19:15,145 - INFO  - 系统所有组件加载结束，开始初始化套餐信息缓存
2017-05-07 18:19:15,145 - WARN  - 开始即时刷新缓存
2017-05-07 18:19:15,145 - INFO  - 系统启动过程中，加载套餐信息缓存任务处理结束
2017-05-07 18:19:15,145 - INFO  - 开始加载数据字典进入缓存
2017-05-07 18:19:15,151 - WARN  - 系统未加载到任何字典信息！！！
2017-05-07 18:19:15,151 - WARN  - 当前系统未找到任何数据字典用于初始化系统缓存信息
2017-05-07 18:19:15,151 - INFO  - 数据字典的缓存初始化结束
2017-05-07 18:19:15,152 - INFO  - FrameworkServlet 'springmvc': initialization completed in 16 ms
2017-05-07 18:19:36,653 - INFO  - 商品列表组装结束
2017-05-07 18:19:49,879 - INFO  - 商品列表组装结束
2017-05-07 18:19:52,810 - INFO  - 商品列表组装结束
2017-05-07 18:19:55,082 - INFO  - 商品列表组装结束
2017-05-07 18:20:08,097 - INFO  - 开始生成录入单个商品信息表单
2017-05-07 18:20:21,994 - INFO  - 开始录入单个商品信息shop_id=1 pic_addr= goods_title=fert43t4t4 price=12 summary= efwaefaewfdaw
2017-05-07 18:20:21,994 - INFO  - 开始保存上传文件
2017-05-07 18:20:21,995 - INFO  - 原始文件名为：fileName= 上传后文件名为：fileNameUploaded1494152421995.jpg 上传目标路径：path=D:\git_repository\myteay\myteay-web\src\main\webapp\upload\img\goods
2017-05-07 18:20:21,996 - INFO  - 文件上传成功： targetFile=D:\git_repository\myteay\myteay-web\src\main\webapp\upload\img\goods\1494152421995.jpg
2017-05-07 18:20:21,996 - WARN  - 待上传文件地址：/upload/img/goods/1494152421995.jpg
2017-05-07 18:20:22,019 - INFO  - Loading XML bean definitions from class path resource [org/springframework/jdbc/support/sql-error-codes.xml]
2017-05-07 18:20:22,038 - INFO  - SQLErrorCodes loaded: [DB2, Derby, H2, HSQL, Informix, MS-SQL, MySQL, Oracle, PostgreSQL, Sybase, Hana]
2017-05-07 18:20:22,054 - ERROR - 保存商品单品信息时发生异常 model=MtGoodsModel[id=<null>,shopId=1,picAddr=/upload/img/goods/1494152421995.jpg,goodsTitle=fert43t4t4,price=12,summary= efwaefaewfdaw,gmtCreated=<null>,gmtModified=<null>]
org.springframework.jdbc.BadSqlGrammarException: 
### Error updating database.  Cause: com.mysql.jdbc.exceptions.jdbc4.MySQLSyntaxErrorException: You have an error in your SQL syntax; check the manual that corresponds to your MySQL server version for the right syntax to use near '' at line 2
### The error may involve myteay.dinner.MS-GOODS-INFO-INSERT-Inline
### The error occurred while setting parameters
### SQL: insert into dinner.goods (shop_id,pic_addr,goods_title,price,summary,gmt_created,gmt_modified)    values (#shopId#,#picAddr#,#goodsTitle#,#price#,#summary#,now(),now());
### Cause: com.mysql.jdbc.exceptions.jdbc4.MySQLSyntaxErrorException: You have an error in your SQL syntax; check the manual that corresponds to your MySQL server version for the right syntax to use near '' at line 2
; bad SQL grammar []; nested exception is com.mysql.jdbc.exceptions.jdbc4.MySQLSyntaxErrorException: You have an error in your SQL syntax; check the manual that corresponds to your MySQL server version for the right syntax to use near '' at line 2
	at org.springframework.jdbc.support.SQLErrorCodeSQLExceptionTranslator.doTranslate(SQLErrorCodeSQLExceptionTranslator.java:231)
	at org.springframework.jdbc.support.AbstractFallbackSQLExceptionTranslator.translate(AbstractFallbackSQLExceptionTranslator.java:73)
	at org.mybatis.spring.MyBatisExceptionTranslator.translateExceptionIfPossible(MyBatisExceptionTranslator.java:73)
	at org.mybatis.spring.SqlSessionTemplate$SqlSessionInterceptor.invoke(SqlSessionTemplate.java:446)
	at com.sun.proxy.$Proxy34.insert(Unknown Source)
	at org.mybatis.spring.SqlSessionTemplate.insert(SqlSessionTemplate.java:278)
	at com.myteay.common.dal.dinner.ibatis.IbatisGoodsInfoDAO.insert(IbatisGoodsInfoDAO.java:30)
	at com.myteay.core.model.dinner.repository.MtGoodsInfoRepositoryImpl.saveGoodsInfo(MtGoodsInfoRepositoryImpl.java:119)
	at com.myteay.core.service.components.impl.MtGoodsInfoComponentsImpl.saveGoodsInfo(MtGoodsInfoComponentsImpl.java:101)
	at com.myteay.biz.service.controller.AdmAddSingleGoodsController.addSingleGoods(AdmAddSingleGoodsController.java:99)
	at sun.reflect.NativeMethodAccessorImpl.invoke0(Native Method)
	at sun.reflect.NativeMethodAccessorImpl.invoke(NativeMethodAccessorImpl.java:62)
	at sun.reflect.DelegatingMethodAccessorImpl.invoke(DelegatingMethodAccessorImpl.java:43)
	at java.lang.reflect.Method.invoke(Method.java:498)
	at org.springframework.web.method.support.InvocableHandlerMethod.doInvoke(InvocableHandlerMethod.java:221)
	at org.springframework.web.method.support.InvocableHandlerMethod.invokeForRequest(InvocableHandlerMethod.java:137)
	at org.springframework.web.servlet.mvc.method.annotation.ServletInvocableHandlerMethod.invokeAndHandle(ServletInvocableHandlerMethod.java:110)
	at org.springframework.web.servlet.mvc.method.annotation.RequestMappingHandlerAdapter.invokeHandlerMethod(RequestMappingHandlerAdapter.java:806)
	at org.springframework.web.servlet.mvc.method.annotation.RequestMappingHandlerAdapter.handleInternal(RequestMappingHandlerAdapter.java:729)
	at org.springframework.web.servlet.mvc.method.AbstractHandlerMethodAdapter.handle(AbstractHandlerMethodAdapter.java:85)
	at org.springframework.web.servlet.DispatcherServlet.doDispatch(DispatcherServlet.java:959)
	at org.springframework.web.servlet.DispatcherServlet.doService(DispatcherServlet.java:893)
	at org.springframework.web.servlet.FrameworkServlet.processRequest(FrameworkServlet.java:970)
	at org.springframework.web.servlet.FrameworkServlet.doPost(FrameworkServlet.java:872)
	at javax.servlet.http.HttpServlet.service(HttpServlet.java:727)
	at org.springframework.web.servlet.FrameworkServlet.service(FrameworkServlet.java:846)
	at javax.servlet.http.HttpServlet.service(HttpServlet.java:820)
	at org.mortbay.jetty.servlet.ServletHolder.handle(ServletHolder.java:511)
	at org.mortbay.jetty.servlet.ServletHandler$CachedChain.doFilter(ServletHandler.java:1221)
	at org.springframework.web.filter.CharacterEncodingFilter.doFilterInternal(CharacterEncodingFilter.java:85)
	at org.springframework.web.filter.OncePerRequestFilter.doFilter(OncePerRequestFilter.java:107)
	at org.mortbay.jetty.servlet.ServletHandler$CachedChain.doFilter(ServletHandler.java:1212)
	at org.mortbay.jetty.servlet.ServletHandler.handle(ServletHandler.java:399)
	at org.mortbay.jetty.security.SecurityHandler.handle(SecurityHandler.java:216)
	at org.mortbay.jetty.servlet.SessionHandler.handle(SessionHandler.java:182)
	at org.mortbay.jetty.handler.ContextHandler.handle(ContextHandler.java:766)
	at org.mortbay.jetty.webapp.WebAppContext.handle(WebAppContext.java:450)
	at org.mortbay.jetty.handler.ContextHandlerCollection.handle(ContextHandlerCollection.java:230)
	at org.mortbay.jetty.handler.HandlerCollection.handle(HandlerCollection.java:114)
	at org.mortbay.jetty.handler.HandlerWrapper.handle(HandlerWrapper.java:152)
	at org.mortbay.jetty.Server.handle(Server.java:326)
	at org.mortbay.jetty.HttpConnection.handleRequest(HttpConnection.java:542)
	at org.mortbay.jetty.HttpConnection$RequestHandler.content(HttpConnection.java:945)
	at org.mortbay.jetty.HttpParser.parseNext(HttpParser.java:756)
	at org.mortbay.jetty.HttpParser.parseAvailable(HttpParser.java:218)
	at org.mortbay.jetty.HttpConnection.handle(HttpConnection.java:404)
	at org.mortbay.io.nio.SelectChannelEndPoint.run(SelectChannelEndPoint.java:410)
	at org.mortbay.thread.QueuedThreadPool$PoolThread.run(QueuedThreadPool.java:582)
Caused by: com.mysql.jdbc.exceptions.jdbc4.MySQLSyntaxErrorException: You have an error in your SQL syntax; check the manual that corresponds to your MySQL server version for the right syntax to use near '' at line 2
	at sun.reflect.NativeConstructorAccessorImpl.newInstance0(Native Method)
	at sun.reflect.NativeConstructorAccessorImpl.newInstance(NativeConstructorAccessorImpl.java:62)
	at sun.reflect.DelegatingConstructorAccessorImpl.newInstance(DelegatingConstructorAccessorImpl.java:45)
	at java.lang.reflect.Constructor.newInstance(Constructor.java:423)
	at com.mysql.jdbc.Util.handleNewInstance(Util.java:377)
	at com.mysql.jdbc.Util.getInstance(Util.java:360)
	at com.mysql.jdbc.SQLError.createSQLException(SQLError.java:978)
	at com.mysql.jdbc.MysqlIO.checkErrorPacket(MysqlIO.java:3887)
	at com.mysql.jdbc.MysqlIO.checkErrorPacket(MysqlIO.java:3823)
	at com.mysql.jdbc.MysqlIO.sendCommand(MysqlIO.java:2435)
	at com.mysql.jdbc.MysqlIO.sqlQueryDirect(MysqlIO.java:2582)
	at com.mysql.jdbc.ConnectionImpl.execSQL(ConnectionImpl.java:2530)
	at com.mysql.jdbc.PreparedStatement.executeInternal(PreparedStatement.java:1907)
	at com.mysql.jdbc.PreparedStatement.execute(PreparedStatement.java:1199)
	at org.apache.commons.dbcp.DelegatingPreparedStatement.execute(DelegatingPreparedStatement.java:168)
	at org.apache.ibatis.executor.statement.PreparedStatementHandler.update(PreparedStatementHandler.java:46)
	at org.apache.ibatis.executor.statement.RoutingStatementHandler.update(RoutingStatementHandler.java:74)
	at org.apache.ibatis.executor.SimpleExecutor.doUpdate(SimpleExecutor.java:50)
	at org.apache.ibatis.executor.BaseExecutor.update(BaseExecutor.java:117)
	at org.apache.ibatis.executor.CachingExecutor.update(CachingExecutor.java:76)
	at org.apache.ibatis.session.defaults.DefaultSqlSession.update(DefaultSqlSession.java:198)
	at org.apache.ibatis.session.defaults.DefaultSqlSession.insert(DefaultSqlSession.java:185)
	at sun.reflect.NativeMethodAccessorImpl.invoke0(Native Method)
	at sun.reflect.NativeMethodAccessorImpl.invoke(NativeMethodAccessorImpl.java:62)
	at sun.reflect.DelegatingMethodAccessorImpl.invoke(DelegatingMethodAccessorImpl.java:43)
	at java.lang.reflect.Method.invoke(Method.java:498)
	at org.mybatis.spring.SqlSessionTemplate$SqlSessionInterceptor.invoke(SqlSessionTemplate.java:433)
	... 44 more
2017-05-07 18:20:22,056 - WARN  - 保存商品信息发生内部异常，message=MtGoodsInfoMessage[id=<null>,shopId=1,picAddr=/upload/img/goods/1494152421995.jpg,goodsTitle=fert43t4t4,price=12,summary= efwaefaewfdaw,gmtCreated=<null>,gmtModified=<null>,imgParentPath=<null>] result=MtOperateResult[operateResult=CAMP_OPERATE_FAILED,operateExResult=CAMP_SQL_EXE_INVALID,result=<null>,errorDetail=<null>]
2017-05-07 18:20:27,187 - INFO  - 商品列表组装结束
2017-05-07 18:20:34,718 - INFO  - 商品列表组装结束
2017-05-07 18:20:40,227 - INFO  - 商品列表组装结束
2017-05-07 18:20:42,533 - INFO  - 开始生成录入单个商品信息表单
2017-05-07 18:21:08,469 - INFO  - 开始录入单个商品信息shop_id=5 pic_addr= goods_title=erqreqer price=qreqrq summary= eqrewqrqrqew
2017-05-07 18:21:08,469 - INFO  - 开始保存上传文件
2017-05-07 18:21:08,470 - INFO  - 原始文件名为：fileName= 上传后文件名为：fileNameUploaded1494152468470.jpg 上传目标路径：path=D:\git_repository\myteay\myteay-web\src\main\webapp\upload\img\goods
2017-05-07 18:21:08,472 - INFO  - 文件上传成功： targetFile=D:\git_repository\myteay\myteay-web\src\main\webapp\upload\img\goods\1494152468470.jpg
2017-05-07 18:21:08,472 - WARN  - 待上传文件地址：/upload/img/goods/1494152468470.jpg
2017-05-07 18:21:08,479 - ERROR - 保存商品单品信息时发生异常 model=MtGoodsModel[id=<null>,shopId=5,picAddr=/upload/img/goods/1494152468470.jpg,goodsTitle=erqreqer,price=qreqrq,summary= eqrewqrqrqew,gmtCreated=<null>,gmtModified=<null>]
org.springframework.jdbc.BadSqlGrammarException: 
### Error updating database.  Cause: com.mysql.jdbc.exceptions.jdbc4.MySQLSyntaxErrorException: You have an error in your SQL syntax; check the manual that corresponds to your MySQL server version for the right syntax to use near '' at line 2
### The error may involve myteay.dinner.MS-GOODS-INFO-INSERT-Inline
### The error occurred while setting parameters
### SQL: insert into dinner.goods (shop_id,pic_addr,goods_title,price,summary,gmt_created,gmt_modified)    values (#shopId#,#picAddr#,#goodsTitle#,#price#,#summary#,now(),now());
### Cause: com.mysql.jdbc.exceptions.jdbc4.MySQLSyntaxErrorException: You have an error in your SQL syntax; check the manual that corresponds to your MySQL server version for the right syntax to use near '' at line 2
; bad SQL grammar []; nested exception is com.mysql.jdbc.exceptions.jdbc4.MySQLSyntaxErrorException: You have an error in your SQL syntax; check the manual that corresponds to your MySQL server version for the right syntax to use near '' at line 2
	at org.springframework.jdbc.support.SQLErrorCodeSQLExceptionTranslator.doTranslate(SQLErrorCodeSQLExceptionTranslator.java:231)
	at org.springframework.jdbc.support.AbstractFallbackSQLExceptionTranslator.translate(AbstractFallbackSQLExceptionTranslator.java:73)
	at org.mybatis.spring.MyBatisExceptionTranslator.translateExceptionIfPossible(MyBatisExceptionTranslator.java:73)
	at org.mybatis.spring.SqlSessionTemplate$SqlSessionInterceptor.invoke(SqlSessionTemplate.java:446)
	at com.sun.proxy.$Proxy34.insert(Unknown Source)
	at org.mybatis.spring.SqlSessionTemplate.insert(SqlSessionTemplate.java:278)
	at com.myteay.common.dal.dinner.ibatis.IbatisGoodsInfoDAO.insert(IbatisGoodsInfoDAO.java:30)
	at com.myteay.core.model.dinner.repository.MtGoodsInfoRepositoryImpl.saveGoodsInfo(MtGoodsInfoRepositoryImpl.java:119)
	at com.myteay.core.service.components.impl.MtGoodsInfoComponentsImpl.saveGoodsInfo(MtGoodsInfoComponentsImpl.java:101)
	at com.myteay.biz.service.controller.AdmAddSingleGoodsController.addSingleGoods(AdmAddSingleGoodsController.java:99)
	at sun.reflect.NativeMethodAccessorImpl.invoke0(Native Method)
	at sun.reflect.NativeMethodAccessorImpl.invoke(NativeMethodAccessorImpl.java:62)
	at sun.reflect.DelegatingMethodAccessorImpl.invoke(DelegatingMethodAccessorImpl.java:43)
	at java.lang.reflect.Method.invoke(Method.java:498)
	at org.springframework.web.method.support.InvocableHandlerMethod.doInvoke(InvocableHandlerMethod.java:221)
	at org.springframework.web.method.support.InvocableHandlerMethod.invokeForRequest(InvocableHandlerMethod.java:137)
	at org.springframework.web.servlet.mvc.method.annotation.ServletInvocableHandlerMethod.invokeAndHandle(ServletInvocableHandlerMethod.java:110)
	at org.springframework.web.servlet.mvc.method.annotation.RequestMappingHandlerAdapter.invokeHandlerMethod(RequestMappingHandlerAdapter.java:806)
	at org.springframework.web.servlet.mvc.method.annotation.RequestMappingHandlerAdapter.handleInternal(RequestMappingHandlerAdapter.java:729)
	at org.springframework.web.servlet.mvc.method.AbstractHandlerMethodAdapter.handle(AbstractHandlerMethodAdapter.java:85)
	at org.springframework.web.servlet.DispatcherServlet.doDispatch(DispatcherServlet.java:959)
	at org.springframework.web.servlet.DispatcherServlet.doService(DispatcherServlet.java:893)
	at org.springframework.web.servlet.FrameworkServlet.processRequest(FrameworkServlet.java:970)
	at org.springframework.web.servlet.FrameworkServlet.doPost(FrameworkServlet.java:872)
	at javax.servlet.http.HttpServlet.service(HttpServlet.java:727)
	at org.springframework.web.servlet.FrameworkServlet.service(FrameworkServlet.java:846)
	at javax.servlet.http.HttpServlet.service(HttpServlet.java:820)
	at org.mortbay.jetty.servlet.ServletHolder.handle(ServletHolder.java:511)
	at org.mortbay.jetty.servlet.ServletHandler$CachedChain.doFilter(ServletHandler.java:1221)
	at org.springframework.web.filter.CharacterEncodingFilter.doFilterInternal(CharacterEncodingFilter.java:85)
	at org.springframework.web.filter.OncePerRequestFilter.doFilter(OncePerRequestFilter.java:107)
	at org.mortbay.jetty.servlet.ServletHandler$CachedChain.doFilter(ServletHandler.java:1212)
	at org.mortbay.jetty.servlet.ServletHandler.handle(ServletHandler.java:399)
	at org.mortbay.jetty.security.SecurityHandler.handle(SecurityHandler.java:216)
	at org.mortbay.jetty.servlet.SessionHandler.handle(SessionHandler.java:182)
	at org.mortbay.jetty.handler.ContextHandler.handle(ContextHandler.java:766)
	at org.mortbay.jetty.webapp.WebAppContext.handle(WebAppContext.java:450)
	at org.mortbay.jetty.handler.ContextHandlerCollection.handle(ContextHandlerCollection.java:230)
	at org.mortbay.jetty.handler.HandlerCollection.handle(HandlerCollection.java:114)
	at org.mortbay.jetty.handler.HandlerWrapper.handle(HandlerWrapper.java:152)
	at org.mortbay.jetty.Server.handle(Server.java:326)
	at org.mortbay.jetty.HttpConnection.handleRequest(HttpConnection.java:542)
	at org.mortbay.jetty.HttpConnection$RequestHandler.content(HttpConnection.java:945)
	at org.mortbay.jetty.HttpParser.parseNext(HttpParser.java:756)
	at org.mortbay.jetty.HttpParser.parseAvailable(HttpParser.java:218)
	at org.mortbay.jetty.HttpConnection.handle(HttpConnection.java:404)
	at org.mortbay.io.nio.SelectChannelEndPoint.run(SelectChannelEndPoint.java:410)
	at org.mortbay.thread.QueuedThreadPool$PoolThread.run(QueuedThreadPool.java:582)
Caused by: com.mysql.jdbc.exceptions.jdbc4.MySQLSyntaxErrorException: You have an error in your SQL syntax; check the manual that corresponds to your MySQL server version for the right syntax to use near '' at line 2
	at sun.reflect.NativeConstructorAccessorImpl.newInstance0(Native Method)
	at sun.reflect.NativeConstructorAccessorImpl.newInstance(NativeConstructorAccessorImpl.java:62)
	at sun.reflect.DelegatingConstructorAccessorImpl.newInstance(DelegatingConstructorAccessorImpl.java:45)
	at java.lang.reflect.Constructor.newInstance(Constructor.java:423)
	at com.mysql.jdbc.Util.handleNewInstance(Util.java:377)
	at com.mysql.jdbc.Util.getInstance(Util.java:360)
	at com.mysql.jdbc.SQLError.createSQLException(SQLError.java:978)
	at com.mysql.jdbc.MysqlIO.checkErrorPacket(MysqlIO.java:3887)
	at com.mysql.jdbc.MysqlIO.checkErrorPacket(MysqlIO.java:3823)
	at com.mysql.jdbc.MysqlIO.sendCommand(MysqlIO.java:2435)
	at com.mysql.jdbc.MysqlIO.sqlQueryDirect(MysqlIO.java:2582)
	at com.mysql.jdbc.ConnectionImpl.execSQL(ConnectionImpl.java:2530)
	at com.mysql.jdbc.PreparedStatement.executeInternal(PreparedStatement.java:1907)
	at com.mysql.jdbc.PreparedStatement.execute(PreparedStatement.java:1199)
	at org.apache.commons.dbcp.DelegatingPreparedStatement.execute(DelegatingPreparedStatement.java:168)
	at org.apache.ibatis.executor.statement.PreparedStatementHandler.update(PreparedStatementHandler.java:46)
	at org.apache.ibatis.executor.statement.RoutingStatementHandler.update(RoutingStatementHandler.java:74)
	at org.apache.ibatis.executor.SimpleExecutor.doUpdate(SimpleExecutor.java:50)
	at org.apache.ibatis.executor.BaseExecutor.update(BaseExecutor.java:117)
	at org.apache.ibatis.executor.CachingExecutor.update(CachingExecutor.java:76)
	at org.apache.ibatis.session.defaults.DefaultSqlSession.update(DefaultSqlSession.java:198)
	at org.apache.ibatis.session.defaults.DefaultSqlSession.insert(DefaultSqlSession.java:185)
	at sun.reflect.NativeMethodAccessorImpl.invoke0(Native Method)
	at sun.reflect.NativeMethodAccessorImpl.invoke(NativeMethodAccessorImpl.java:62)
	at sun.reflect.DelegatingMethodAccessorImpl.invoke(DelegatingMethodAccessorImpl.java:43)
	at java.lang.reflect.Method.invoke(Method.java:498)
	at org.mybatis.spring.SqlSessionTemplate$SqlSessionInterceptor.invoke(SqlSessionTemplate.java:433)
	... 44 more
2017-05-07 18:21:08,481 - WARN  - 保存商品信息发生内部异常，message=MtGoodsInfoMessage[id=<null>,shopId=5,picAddr=/upload/img/goods/1494152468470.jpg,goodsTitle=erqreqer,price=qreqrq,summary= eqrewqrqrqew,gmtCreated=<null>,gmtModified=<null>,imgParentPath=<null>] result=MtOperateResult[operateResult=CAMP_OPERATE_FAILED,operateExResult=CAMP_SQL_EXE_INVALID,result=<null>,errorDetail=<null>]
2017-05-07 18:21:14,590 - INFO  - 商品列表组装结束
2017-05-07 18:31:38,766 - INFO  - Closing WebApplicationContext for namespace 'springmvc-servlet': startup date [Sun May 07 18:19:15 CST 2017]; parent: Root WebApplicationContext
2017-05-07 18:32:18,719 - INFO  - FrameworkServlet 'springmvc': initialization started
2017-05-07 18:32:18,721 - INFO  - Refreshing WebApplicationContext for namespace 'springmvc-servlet': startup date [Sun May 07 18:32:18 CST 2017]; parent: Root WebApplicationContext
2017-05-07 18:32:18,727 - INFO  - 系统所有组件加载结束，开始初始化套餐信息缓存
2017-05-07 18:32:18,727 - WARN  - 开始即时刷新缓存
2017-05-07 18:32:18,727 - INFO  - 系统启动过程中，加载套餐信息缓存任务处理结束
2017-05-07 18:32:18,727 - INFO  - 开始加载数据字典进入缓存
2017-05-07 18:32:18,733 - WARN  - 系统未加载到任何字典信息！！！
2017-05-07 18:32:18,733 - WARN  - 当前系统未找到任何数据字典用于初始化系统缓存信息
2017-05-07 18:32:18,733 - INFO  - 数据字典的缓存初始化结束
2017-05-07 18:32:18,733 - INFO  - FrameworkServlet 'springmvc': initialization completed in 13 ms
2017-05-07 18:32:28,358 - INFO  - 开始生成录入单个商品信息表单
2017-05-07 18:32:37,295 - INFO  - 开始录入单个商品信息shop_id=1 pic_addr= goods_title=ewfew price=77 summary= dsfadf
2017-05-07 18:32:37,296 - INFO  - 开始保存上传文件
2017-05-07 18:32:37,297 - INFO  - 原始文件名为：fileName= 上传后文件名为：fileNameUploaded1494153157297.jpg 上传目标路径：path=D:\git_repository\myteay\myteay-web\src\main\webapp\upload\img\goods
2017-05-07 18:32:37,299 - INFO  - 文件上传成功： targetFile=D:\git_repository\myteay\myteay-web\src\main\webapp\upload\img\goods\1494153157297.jpg
2017-05-07 18:32:37,299 - WARN  - 待上传文件地址：/upload/img/goods/1494153157297.jpg
2017-05-07 18:32:37,429 - INFO  - 保存商品单品信息成功 message=MtGoodsInfoMessage[id=<null>,shopId=1,picAddr=/upload/img/goods/1494153157297.jpg,goodsTitle=ewfew,price=77,summary= dsfadf,gmtCreated=<null>,gmtModified=<null>,imgParentPath=<null>] result=MtOperateResult[operateResult=CAMP_OPERATE_SUCCESS,operateExResult=CAMP_OPERATE_SUCCESS,result=3,errorDetail=<null>]
2017-05-07 18:32:37,439 - INFO  - 商品列表组装结束
2017-05-07 18:32:55,332 - WARN  - 开始删除单品信息 id=1
2017-05-07 18:32:55,332 - INFO  - 删除指定的单品信息 id=1
2017-05-07 18:32:55,456 - INFO  - 删除指定的单品信息成功 id=1
2017-05-07 18:32:55,469 - INFO  - 商品列表组装结束
2017-05-07 18:49:01,407 - INFO  - 开始用户注册。。。
2017-05-07 18:49:01,420 - INFO  - 待注册会员信息 message=MtUserMessage[userBaseInfo=MtUserBaseInfo[id=<null>,userId=<null>,userName=<null>,qrCode=<null>,nickName=霸刀,checkedFlag=<null>,gmtCreate=<null>,gmtModified=<null>],userAdvInfo=MtUserAdvBaseInfo[userId=<null>,userPwd=123456789,securityEmail=<null>,securityPhone=<null>,emailFlag=<null>,phoneFlag=<null>,gmtCreated=<null>,gmtModified=<null>,regFrom=天水],userExtInfo=MtUserExtInfo[]]
2017-05-07 18:50:17,097 - INFO  - 开始用户注册。。。
2017-05-07 18:50:17,097 - INFO  - 待注册会员信息 message=MtUserMessage[userBaseInfo=MtUserBaseInfo[id=<null>,userId=<null>,userName=<null>,qrCode=<null>,nickName=abcdef,checkedFlag=<null>,gmtCreate=<null>,gmtModified=<null>],userAdvInfo=MtUserAdvBaseInfo[userId=<null>,userPwd=123456789,securityEmail=<null>,securityPhone=<null>,emailFlag=<null>,phoneFlag=<null>,gmtCreated=<null>,gmtModified=<null>,regFrom=天水],userExtInfo=MtUserExtInfo[]]
2017-05-07 18:55:39,589 - INFO  - Closing WebApplicationContext for namespace 'springmvc-servlet': startup date [Sun May 07 18:32:18 CST 2017]; parent: Root WebApplicationContext
2017-05-07 19:08:32,905 - INFO  - FrameworkServlet 'springmvc': initialization started
2017-05-07 19:08:32,907 - INFO  - Refreshing WebApplicationContext for namespace 'springmvc-servlet': startup date [Sun May 07 19:08:32 CST 2017]; parent: Root WebApplicationContext
2017-05-07 19:08:32,913 - INFO  - 系统所有组件加载结束，开始初始化套餐信息缓存
2017-05-07 19:08:32,913 - WARN  - 开始即时刷新缓存
2017-05-07 19:08:32,913 - INFO  - 系统启动过程中，加载套餐信息缓存任务处理结束
2017-05-07 19:08:32,913 - INFO  - 开始加载数据字典进入缓存
2017-05-07 19:08:32,917 - WARN  - 系统未加载到任何字典信息！！！
2017-05-07 19:08:32,917 - WARN  - 当前系统未找到任何数据字典用于初始化系统缓存信息
2017-05-07 19:08:32,917 - INFO  - 数据字典的缓存初始化结束
2017-05-07 19:08:32,917 - INFO  - FrameworkServlet 'springmvc': initialization completed in 12 ms
2017-05-07 19:08:38,364 - INFO  - 开始用户注册。。。
2017-05-07 19:08:38,370 - INFO  - 待注册会员信息 message=MtUserMessage[userBaseInfo=MtUserBaseInfo[id=<null>,userId=<null>,userName=<null>,qrCode=<null>,nickName=abcdef,checkedFlag=<null>,gmtCreate=<null>,gmtModified=<null>],userAdvInfo=MtUserAdvBaseInfo[userId=<null>,userPwd=123456789,securityEmail=<null>,securityPhone=<null>,emailFlag=<null>,phoneFlag=<null>,gmtCreated=<null>,gmtModified=<null>,regFrom=天水],userExtInfo=MtUserExtInfo[]]
2017-05-07 19:08:38,414 - INFO  - 会员基本信息注册结果：id=2 usersInfoDO=UsersInfoDO[id=2,userId=MTCN741200201705071908383890000,userName=<null>,nickName=abcdef,qrCode=<null>,checkedFlag=CS_UN_CHECK_ED,gmtCreated=<null>,gmtModified=<null>]
2017-05-07 19:08:38,569 - INFO  - 用户注册成功 message=MtUserMessage[userBaseInfo=MtUserBaseInfo[id=<null>,userId=<null>,userName=<null>,qrCode=<null>,nickName=abcdef,checkedFlag=<null>,gmtCreate=<null>,gmtModified=<null>],userAdvInfo=MtUserAdvBaseInfo[userId=<null>,userPwd=123456789,securityEmail=<null>,securityPhone=<null>,emailFlag=<null>,phoneFlag=<null>,gmtCreated=<null>,gmtModified=<null>,regFrom=天水],userExtInfo=MtUserExtInfo[]] result=MtOperateResult[operateResult=CAMP_OPERATE_SUCCESS,operateExResult=CAMP_OPERATE_SUCCESS,result=MTCN741200201705071908383890000,errorDetail=<null>]
2017-05-07 19:08:38,576 - INFO  - 收到生成用户二维码信息请求， event=PromocoreEvent[data=MtUserRegQRCodeMessage[storePath=D:\git_repository\myteay\myteay-web\src\main\webapp\qrcode\usercode,defaultImg=D:\git_repository\myteay\myteay-web\src\main\webapp\images\page1_image.png,content=MTCN741200201705071908383890000,filename=<null>,manageType=CS_VALIDATE_PROCESS], topic=MT_USR_QR_CODE_REGISTERY]
2017-05-07 19:08:38,577 - INFO  - 开始保存二维码操作流水 msg=MtUserRegQRCodeMessage[storePath=D:\git_repository\myteay\myteay-web\src\main\webapp\qrcode\usercode,defaultImg=D:\git_repository\myteay\myteay-web\src\main\webapp\images\page1_image.png,content=MTCN741200201705071908383890000,filename=<null>,manageType=CS_VALIDATE_PROCESS]
2017-05-07 19:08:38,613 - INFO  - Loading XML bean definitions from class path resource [org/springframework/jdbc/support/sql-error-codes.xml]
2017-05-07 19:08:38,640 - INFO  - SQLErrorCodes loaded: [DB2, Derby, H2, HSQL, Informix, MS-SQL, MySQL, Oracle, PostgreSQL, Sybase, Hana]
2017-05-07 19:08:38,649 - ERROR - 事件执行器处理时发生异常 event=PromocoreEvent[data=MtUserRegQRCodeMessage[storePath=D:\git_repository\myteay\myteay-web\src\main\webapp\qrcode\usercode,defaultImg=D:\git_repository\myteay\myteay-web\src\main\webapp\images\page1_image.png,content=MTCN741200201705071908383890000,filename=<null>,manageType=CS_VALIDATE_PROCESS], topic=MT_USR_QR_CODE_REGISTERY], eventListener=com.myteay.core.service.cache.listeners.MtUserQRCodeEventListener@173f1614
org.springframework.jdbc.BadSqlGrammarException: 
### Error updating database.  Cause: com.mysql.jdbc.exceptions.jdbc4.MySQLSyntaxErrorException: Unknown column 'gmt_created' in 'field list'
### The error may involve myteay.customers.MS-USER-QR-WF-INFO-INSERT-Inline
### The error occurred while setting parameters
### SQL: insert into customers.mt_user_qrcode_wf (userid,gmt_created,gmt_modified)     values (?,now(),now());
### Cause: com.mysql.jdbc.exceptions.jdbc4.MySQLSyntaxErrorException: Unknown column 'gmt_created' in 'field list'
; bad SQL grammar []; nested exception is com.mysql.jdbc.exceptions.jdbc4.MySQLSyntaxErrorException: Unknown column 'gmt_created' in 'field list'
	at org.springframework.jdbc.support.SQLErrorCodeSQLExceptionTranslator.doTranslate(SQLErrorCodeSQLExceptionTranslator.java:231)
	at org.springframework.jdbc.support.AbstractFallbackSQLExceptionTranslator.translate(AbstractFallbackSQLExceptionTranslator.java:73)
	at org.mybatis.spring.MyBatisExceptionTranslator.translateExceptionIfPossible(MyBatisExceptionTranslator.java:73)
	at org.mybatis.spring.SqlSessionTemplate$SqlSessionInterceptor.invoke(SqlSessionTemplate.java:446)
	at com.sun.proxy.$Proxy34.insert(Unknown Source)
	at org.mybatis.spring.SqlSessionTemplate.insert(SqlSessionTemplate.java:278)
	at com.myteay.common.dal.ibatis.IbatisUsersQrCodeWfInfoDAO.insert(IbatisUsersQrCodeWfInfoDAO.java:32)
	at com.myteay.core.model.repository.MtUsersQrWfRepositoryImpl.save(MtUsersQrWfRepositoryImpl.java:46)
	at com.myteay.core.service.cache.listeners.MtUserQRCodeEventListener.handleEvent(MtUserQRCodeEventListener.java:69)
	at com.myteay.common.util.event.EventListenerExecutor.run(EventListenerExecutor.java:49)
	at java.util.concurrent.ThreadPoolExecutor.runWorker(ThreadPoolExecutor.java:1142)
	at java.util.concurrent.ThreadPoolExecutor$Worker.run(ThreadPoolExecutor.java:617)
	at java.lang.Thread.run(Thread.java:745)
Caused by: com.mysql.jdbc.exceptions.jdbc4.MySQLSyntaxErrorException: Unknown column 'gmt_created' in 'field list'
	at sun.reflect.NativeConstructorAccessorImpl.newInstance0(Native Method)
	at sun.reflect.NativeConstructorAccessorImpl.newInstance(NativeConstructorAccessorImpl.java:62)
	at sun.reflect.DelegatingConstructorAccessorImpl.newInstance(DelegatingConstructorAccessorImpl.java:45)
	at java.lang.reflect.Constructor.newInstance(Constructor.java:423)
	at com.mysql.jdbc.Util.handleNewInstance(Util.java:377)
	at com.mysql.jdbc.Util.getInstance(Util.java:360)
	at com.mysql.jdbc.SQLError.createSQLException(SQLError.java:978)
	at com.mysql.jdbc.MysqlIO.checkErrorPacket(MysqlIO.java:3887)
	at com.mysql.jdbc.MysqlIO.checkErrorPacket(MysqlIO.java:3823)
	at com.mysql.jdbc.MysqlIO.sendCommand(MysqlIO.java:2435)
	at com.mysql.jdbc.MysqlIO.sqlQueryDirect(MysqlIO.java:2582)
	at com.mysql.jdbc.ConnectionImpl.execSQL(ConnectionImpl.java:2530)
	at com.mysql.jdbc.PreparedStatement.executeInternal(PreparedStatement.java:1907)
	at com.mysql.jdbc.PreparedStatement.execute(PreparedStatement.java:1199)
	at org.apache.commons.dbcp.DelegatingPreparedStatement.execute(DelegatingPreparedStatement.java:168)
	at org.apache.ibatis.executor.statement.PreparedStatementHandler.update(PreparedStatementHandler.java:46)
	at org.apache.ibatis.executor.statement.RoutingStatementHandler.update(RoutingStatementHandler.java:74)
	at org.apache.ibatis.executor.SimpleExecutor.doUpdate(SimpleExecutor.java:50)
	at org.apache.ibatis.executor.BaseExecutor.update(BaseExecutor.java:117)
	at org.apache.ibatis.executor.CachingExecutor.update(CachingExecutor.java:76)
	at org.apache.ibatis.session.defaults.DefaultSqlSession.update(DefaultSqlSession.java:198)
	at org.apache.ibatis.session.defaults.DefaultSqlSession.insert(DefaultSqlSession.java:185)
	at sun.reflect.NativeMethodAccessorImpl.invoke0(Native Method)
	at sun.reflect.NativeMethodAccessorImpl.invoke(NativeMethodAccessorImpl.java:62)
	at sun.reflect.DelegatingMethodAccessorImpl.invoke(DelegatingMethodAccessorImpl.java:43)
	at java.lang.reflect.Method.invoke(Method.java:498)
	at org.mybatis.spring.SqlSessionTemplate$SqlSessionInterceptor.invoke(SqlSessionTemplate.java:433)
	... 9 more
2017-05-07 19:16:20,786 - INFO  - Closing WebApplicationContext for namespace 'springmvc-servlet': startup date [Sun May 07 19:08:32 CST 2017]; parent: Root WebApplicationContext
